The system is: Linux - 3.10.0-229.el7.x86_64 - x86_64
Compiling the C compiler identification source file "CMakeCCompilerId.c" succeeded.
Compiler: /export/users/avtische/open-sources/_git/cilk/new-git-cilk-Jan-26/build/bin/clang 
Build flags: 
Id flags: 

The output was:
0


Compilation of the C compiler identification source "CMakeCCompilerId.c" produced "a.out"

The C compiler identification is Clang, found in "/export/users/avtische/open-sources/_git/cilk/new-git-cilk-Jan-26/projects/compiler-rt/lib/cilk/build/CMakeFiles/3.0.1/CompilerIdC/a.out"

Compiling the CXX compiler identification source file "CMakeCXXCompilerId.cpp" succeeded.
Compiler: /export/users/avtische/open-sources/_git/cilk/new-git-cilk-Jan-26/build/bin/clang++ 
Build flags: 
Id flags: 

The output was:
0


Compilation of the CXX compiler identification source "CMakeCXXCompilerId.cpp" produced "a.out"

The CXX compiler identification is Clang, found in "/export/users/avtische/open-sources/_git/cilk/new-git-cilk-Jan-26/projects/compiler-rt/lib/cilk/build/CMakeFiles/3.0.1/CompilerIdCXX/a.out"

Determining if the C compiler works passed with the following output:
Change Dir: /export/users/avtische/open-sources/_git/cilk/new-git-cilk-Jan-26/projects/compiler-rt/lib/cilk/build/CMakeFiles/CMakeTmp

Run Build Command:"/nfs/ims/proj/icl/rdrive/ics/itools/efi2_rhel60/bin/gmake" "cmTryCompileExec2085532727/fast"
/nfs/ims/proj/icl/rdrive/ics/itools/efi2_rhel60/bin/gmake -f CMakeFiles/cmTryCompileExec2085532727.dir/build.make CMakeFiles/cmTryCompileExec2085532727.dir/build
gmake[1]: Entering directory `/export/users/avtische/open-sources/_git/cilk/new-git-cilk-Jan-26/projects/compiler-rt/lib/cilk/build/CMakeFiles/CMakeTmp'
/nfs/ims/proj/icl/rdrive/ics/itools/pkgtools/cmake/v_3_0_1/x86_rhxx/bin/cmake -E cmake_progress_report /export/users/avtische/open-sources/_git/cilk/new-git-cilk-Jan-26/projects/compiler-rt/lib/cilk/build/CMakeFiles/CMakeTmp/CMakeFiles 1
Building C object CMakeFiles/cmTryCompileExec2085532727.dir/testCCompiler.c.o
/export/users/avtische/open-sources/_git/cilk/new-git-cilk-Jan-26/build/bin/clang    -o CMakeFiles/cmTryCompileExec2085532727.dir/testCCompiler.c.o   -c /export/users/avtische/open-sources/_git/cilk/new-git-cilk-Jan-26/projects/compiler-rt/lib/cilk/build/CMakeFiles/CMakeTmp/testCCompiler.c
Linking C executable cmTryCompileExec2085532727
/nfs/ims/proj/icl/rdrive/ics/itools/pkgtools/cmake/v_3_0_1/x86_rhxx/bin/cmake -E cmake_link_script CMakeFiles/cmTryCompileExec2085532727.dir/link.txt --verbose=1
/export/users/avtische/open-sources/_git/cilk/new-git-cilk-Jan-26/build/bin/clang       CMakeFiles/cmTryCompileExec2085532727.dir/testCCompiler.c.o  -o cmTryCompileExec2085532727 -rdynamic 
gmake[1]: Leaving directory `/export/users/avtische/open-sources/_git/cilk/new-git-cilk-Jan-26/projects/compiler-rt/lib/cilk/build/CMakeFiles/CMakeTmp'


Detecting C compiler ABI info compiled with the following output:
Change Dir: /export/users/avtische/open-sources/_git/cilk/new-git-cilk-Jan-26/projects/compiler-rt/lib/cilk/build/CMakeFiles/CMakeTmp

Run Build Command:"/nfs/ims/proj/icl/rdrive/ics/itools/efi2_rhel60/bin/gmake" "cmTryCompileExec4288875651/fast"
/nfs/ims/proj/icl/rdrive/ics/itools/efi2_rhel60/bin/gmake -f CMakeFiles/cmTryCompileExec4288875651.dir/build.make CMakeFiles/cmTryCompileExec4288875651.dir/build
gmake[1]: Entering directory `/export/users/avtische/open-sources/_git/cilk/new-git-cilk-Jan-26/projects/compiler-rt/lib/cilk/build/CMakeFiles/CMakeTmp'
/nfs/ims/proj/icl/rdrive/ics/itools/pkgtools/cmake/v_3_0_1/x86_rhxx/bin/cmake -E cmake_progress_report /export/users/avtische/open-sources/_git/cilk/new-git-cilk-Jan-26/projects/compiler-rt/lib/cilk/build/CMakeFiles/CMakeTmp/CMakeFiles 1
Building C object CMakeFiles/cmTryCompileExec4288875651.dir/CMakeCCompilerABI.c.o
/export/users/avtische/open-sources/_git/cilk/new-git-cilk-Jan-26/build/bin/clang    -o CMakeFiles/cmTryCompileExec4288875651.dir/CMakeCCompilerABI.c.o   -c /nfs/ims/proj/icl/rdrive/ics/itools/pkgtools/cmake/v_3_0_1/x86_rhxx/share/cmake-3.0/Modules/CMakeCCompilerABI.c
Linking C executable cmTryCompileExec4288875651
/nfs/ims/proj/icl/rdrive/ics/itools/pkgtools/cmake/v_3_0_1/x86_rhxx/bin/cmake -E cmake_link_script CMakeFiles/cmTryCompileExec4288875651.dir/link.txt --verbose=1
/export/users/avtische/open-sources/_git/cilk/new-git-cilk-Jan-26/build/bin/clang     -v CMakeFiles/cmTryCompileExec4288875651.dir/CMakeCCompilerABI.c.o  -o cmTryCompileExec4288875651 -rdynamic  
clang version 3.8.0 (https://github.com/cilkplus/clang d657804cae25ef1f7ccf246a7528c79c2f5b6049) (https://github.com/cilkplus/llvm 9d15e3b49b95c5a91e94ef64ccf40b27eb313100)
Target: x86_64-unknown-linux-gnu
Thread model: posix
InstalledDir: /export/users/avtische/open-sources/_git/cilk/new-git-cilk-Jan-26/build/bin
Found candidate GCC installation: /usr/lib/gcc/i686-redhat-linux/4.8.2
Found candidate GCC installation: /usr/lib/gcc/i686-redhat-linux/4.8.3
Found candidate GCC installation: /usr/lib/gcc/x86_64-redhat-linux/4.8.2
Found candidate GCC installation: /usr/lib/gcc/x86_64-redhat-linux/4.8.3
Selected GCC installation: /usr/lib/gcc/x86_64-redhat-linux/4.8.3
Candidate multilib: .;@m64
Candidate multilib: 32;@m32
Selected multilib: .;@m64
 "/usr/bin/ld" -export-dynamic --hash-style=gnu --no-add-needed --build-id --eh-frame-hdr -m elf_x86_64 -dynamic-linker /lib64/ld-linux-x86-64.so.2 -o cmTryCompileExec4288875651 /usr/lib/gcc/x86_64-redhat-linux/4.8.3/../../../../lib64/crt1.o /usr/lib/gcc/x86_64-redhat-linux/4.8.3/../../../../lib64/crti.o /usr/lib/gcc/x86_64-redhat-linux/4.8.3/crtbegin.o -L/usr/lib/gcc/x86_64-redhat-linux/4.8.3 -L/usr/lib/gcc/x86_64-redhat-linux/4.8.3/../../../../lib64 -L/lib/../lib64 -L/usr/lib/../lib64 -L/usr/lib/gcc/x86_64-redhat-linux/4.8.3/../../.. -L/export/users/avtische/open-sources/_git/cilk/new-git-cilk-Jan-26/build/bin/../lib -L/lib -L/usr/lib CMakeFiles/cmTryCompileExec4288875651.dir/CMakeCCompilerABI.c.o -lgcc --as-needed -lgcc_s --no-as-needed -lc -lgcc --as-needed -lgcc_s --no-as-needed /usr/lib/gcc/x86_64-redhat-linux/4.8.3/crtend.o /usr/lib/gcc/x86_64-redhat-linux/4.8.3/../../../../lib64/crtn.o
gmake[1]: Leaving directory `/export/users/avtische/open-sources/_git/cilk/new-git-cilk-Jan-26/projects/compiler-rt/lib/cilk/build/CMakeFiles/CMakeTmp'


Parsed C implicit link information from above output:
  link line regex: [^( *|.*[/\])(ld|([^/\]+-)?ld|collect2)[^/\]*( |$)]
  ignore line: [Change Dir: /export/users/avtische/open-sources/_git/cilk/new-git-cilk-Jan-26/projects/compiler-rt/lib/cilk/build/CMakeFiles/CMakeTmp]
  ignore line: []
  ignore line: [Run Build Command:"/nfs/ims/proj/icl/rdrive/ics/itools/efi2_rhel60/bin/gmake" "cmTryCompileExec4288875651/fast"]
  ignore line: [/nfs/ims/proj/icl/rdrive/ics/itools/efi2_rhel60/bin/gmake -f CMakeFiles/cmTryCompileExec4288875651.dir/build.make CMakeFiles/cmTryCompileExec4288875651.dir/build]
  ignore line: [gmake[1]: Entering directory `/export/users/avtische/open-sources/_git/cilk/new-git-cilk-Jan-26/projects/compiler-rt/lib/cilk/build/CMakeFiles/CMakeTmp']
  ignore line: [/nfs/ims/proj/icl/rdrive/ics/itools/pkgtools/cmake/v_3_0_1/x86_rhxx/bin/cmake -E cmake_progress_report /export/users/avtische/open-sources/_git/cilk/new-git-cilk-Jan-26/projects/compiler-rt/lib/cilk/build/CMakeFiles/CMakeTmp/CMakeFiles 1]
  ignore line: [Building C object CMakeFiles/cmTryCompileExec4288875651.dir/CMakeCCompilerABI.c.o]
  ignore line: [/export/users/avtische/open-sources/_git/cilk/new-git-cilk-Jan-26/build/bin/clang    -o CMakeFiles/cmTryCompileExec4288875651.dir/CMakeCCompilerABI.c.o   -c /nfs/ims/proj/icl/rdrive/ics/itools/pkgtools/cmake/v_3_0_1/x86_rhxx/share/cmake-3.0/Modules/CMakeCCompilerABI.c]
  ignore line: [Linking C executable cmTryCompileExec4288875651]
  ignore line: [/nfs/ims/proj/icl/rdrive/ics/itools/pkgtools/cmake/v_3_0_1/x86_rhxx/bin/cmake -E cmake_link_script CMakeFiles/cmTryCompileExec4288875651.dir/link.txt --verbose=1]
  ignore line: [/export/users/avtische/open-sources/_git/cilk/new-git-cilk-Jan-26/build/bin/clang     -v CMakeFiles/cmTryCompileExec4288875651.dir/CMakeCCompilerABI.c.o  -o cmTryCompileExec4288875651 -rdynamic  ]
  ignore line: [clang version 3.8.0 (https://github.com/cilkplus/clang d657804cae25ef1f7ccf246a7528c79c2f5b6049) (https://github.com/cilkplus/llvm 9d15e3b49b95c5a91e94ef64ccf40b27eb313100)]
  ignore line: [Target: x86_64-unknown-linux-gnu]
  ignore line: [Thread model: posix]
  ignore line: [InstalledDir: /export/users/avtische/open-sources/_git/cilk/new-git-cilk-Jan-26/build/bin]
  ignore line: [Found candidate GCC installation: /usr/lib/gcc/i686-redhat-linux/4.8.2]
  ignore line: [Found candidate GCC installation: /usr/lib/gcc/i686-redhat-linux/4.8.3]
  ignore line: [Found candidate GCC installation: /usr/lib/gcc/x86_64-redhat-linux/4.8.2]
  ignore line: [Found candidate GCC installation: /usr/lib/gcc/x86_64-redhat-linux/4.8.3]
  ignore line: [Selected GCC installation: /usr/lib/gcc/x86_64-redhat-linux/4.8.3]
  ignore line: [Candidate multilib: .]
  ignore line: [@m64]
  ignore line: [Candidate multilib: 32]
  ignore line: [@m32]
  ignore line: [Selected multilib: .]
  ignore line: [@m64]
  link line: [ "/usr/bin/ld" -export-dynamic --hash-style=gnu --no-add-needed --build-id --eh-frame-hdr -m elf_x86_64 -dynamic-linker /lib64/ld-linux-x86-64.so.2 -o cmTryCompileExec4288875651 /usr/lib/gcc/x86_64-redhat-linux/4.8.3/../../../../lib64/crt1.o /usr/lib/gcc/x86_64-redhat-linux/4.8.3/../../../../lib64/crti.o /usr/lib/gcc/x86_64-redhat-linux/4.8.3/crtbegin.o -L/usr/lib/gcc/x86_64-redhat-linux/4.8.3 -L/usr/lib/gcc/x86_64-redhat-linux/4.8.3/../../../../lib64 -L/lib/../lib64 -L/usr/lib/../lib64 -L/usr/lib/gcc/x86_64-redhat-linux/4.8.3/../../.. -L/export/users/avtische/open-sources/_git/cilk/new-git-cilk-Jan-26/build/bin/../lib -L/lib -L/usr/lib CMakeFiles/cmTryCompileExec4288875651.dir/CMakeCCompilerABI.c.o -lgcc --as-needed -lgcc_s --no-as-needed -lc -lgcc --as-needed -lgcc_s --no-as-needed /usr/lib/gcc/x86_64-redhat-linux/4.8.3/crtend.o /usr/lib/gcc/x86_64-redhat-linux/4.8.3/../../../../lib64/crtn.o]
    arg [/usr/bin/ld] ==> ignore
    arg [-export-dynamic] ==> ignore
    arg [--hash-style=gnu] ==> ignore
    arg [--no-add-needed] ==> ignore
    arg [--build-id] ==> ignore
    arg [--eh-frame-hdr] ==> ignore
    arg [-m] ==> ignore
    arg [elf_x86_64] ==> ignore
    arg [-dynamic-linker] ==> ignore
    arg [/lib64/ld-linux-x86-64.so.2] ==> ignore
    arg [-o] ==> ignore
    arg [cmTryCompileExec4288875651] ==> ignore
    arg [/usr/lib/gcc/x86_64-redhat-linux/4.8.3/../../../../lib64/crt1.o] ==> ignore
    arg [/usr/lib/gcc/x86_64-redhat-linux/4.8.3/../../../../lib64/crti.o] ==> ignore
    arg [/usr/lib/gcc/x86_64-redhat-linux/4.8.3/crtbegin.o] ==> ignore
    arg [-L/usr/lib/gcc/x86_64-redhat-linux/4.8.3] ==> dir [/usr/lib/gcc/x86_64-redhat-linux/4.8.3]
    arg [-L/usr/lib/gcc/x86_64-redhat-linux/4.8.3/../../../../lib64] ==> dir [/usr/lib/gcc/x86_64-redhat-linux/4.8.3/../../../../lib64]
    arg [-L/lib/../lib64] ==> dir [/lib/../lib64]
    arg [-L/usr/lib/../lib64] ==> dir [/usr/lib/../lib64]
    arg [-L/usr/lib/gcc/x86_64-redhat-linux/4.8.3/../../..] ==> dir [/usr/lib/gcc/x86_64-redhat-linux/4.8.3/../../..]
    arg [-L/export/users/avtische/open-sources/_git/cilk/new-git-cilk-Jan-26/build/bin/../lib] ==> dir [/export/users/avtische/open-sources/_git/cilk/new-git-cilk-Jan-26/build/bin/../lib]
    arg [-L/lib] ==> dir [/lib]
    arg [-L/usr/lib] ==> dir [/usr/lib]
    arg [CMakeFiles/cmTryCompileExec4288875651.dir/CMakeCCompilerABI.c.o] ==> ignore
    arg [-lgcc] ==> lib [gcc]
    arg [--as-needed] ==> ignore
    arg [-lgcc_s] ==> lib [gcc_s]
    arg [--no-as-needed] ==> ignore
    arg [-lc] ==> lib [c]
    arg [-lgcc] ==> lib [gcc]
    arg [--as-needed] ==> ignore
    arg [-lgcc_s] ==> lib [gcc_s]
    arg [--no-as-needed] ==> ignore
    arg [/usr/lib/gcc/x86_64-redhat-linux/4.8.3/crtend.o] ==> ignore
    arg [/usr/lib/gcc/x86_64-redhat-linux/4.8.3/../../../../lib64/crtn.o] ==> ignore
  remove lib [gcc]
  remove lib [gcc_s]
  remove lib [gcc]
  remove lib [gcc_s]
  collapse library dir [/usr/lib/gcc/x86_64-redhat-linux/4.8.3] ==> [/usr/lib/gcc/x86_64-redhat-linux/4.8.3]
  collapse library dir [/usr/lib/gcc/x86_64-redhat-linux/4.8.3/../../../../lib64] ==> [/usr/lib64]
  collapse library dir [/lib/../lib64] ==> [/lib64]
  collapse library dir [/usr/lib/../lib64] ==> [/usr/lib64]
  collapse library dir [/usr/lib/gcc/x86_64-redhat-linux/4.8.3/../../..] ==> [/usr/lib]
  collapse library dir [/export/users/avtische/open-sources/_git/cilk/new-git-cilk-Jan-26/build/bin/../lib] ==> [/export/users/avtische/open-sources/_git/cilk/new-git-cilk-Jan-26/build/lib]
  collapse library dir [/lib] ==> [/lib]
  collapse library dir [/usr/lib] ==> [/usr/lib]
  implicit libs: [c]
  implicit dirs: [/usr/lib/gcc/x86_64-redhat-linux/4.8.3;/usr/lib64;/lib64;/usr/lib;/export/users/avtische/open-sources/_git/cilk/new-git-cilk-Jan-26/build/lib;/lib]
  implicit fwks: []


Determining if the CXX compiler works passed with the following output:
Change Dir: /export/users/avtische/open-sources/_git/cilk/new-git-cilk-Jan-26/projects/compiler-rt/lib/cilk/build/CMakeFiles/CMakeTmp

Run Build Command:"/nfs/ims/proj/icl/rdrive/ics/itools/efi2_rhel60/bin/gmake" "cmTryCompileExec3694403464/fast"
/nfs/ims/proj/icl/rdrive/ics/itools/efi2_rhel60/bin/gmake -f CMakeFiles/cmTryCompileExec3694403464.dir/build.make CMakeFiles/cmTryCompileExec3694403464.dir/build
gmake[1]: Entering directory `/export/users/avtische/open-sources/_git/cilk/new-git-cilk-Jan-26/projects/compiler-rt/lib/cilk/build/CMakeFiles/CMakeTmp'
/nfs/ims/proj/icl/rdrive/ics/itools/pkgtools/cmake/v_3_0_1/x86_rhxx/bin/cmake -E cmake_progress_report /export/users/avtische/open-sources/_git/cilk/new-git-cilk-Jan-26/projects/compiler-rt/lib/cilk/build/CMakeFiles/CMakeTmp/CMakeFiles 1
Building CXX object CMakeFiles/cmTryCompileExec3694403464.dir/testCXXCompiler.cxx.o
/export/users/avtische/open-sources/_git/cilk/new-git-cilk-Jan-26/build/bin/clang++     -o CMakeFiles/cmTryCompileExec3694403464.dir/testCXXCompiler.cxx.o -c /export/users/avtische/open-sources/_git/cilk/new-git-cilk-Jan-26/projects/compiler-rt/lib/cilk/build/CMakeFiles/CMakeTmp/testCXXCompiler.cxx
Linking CXX executable cmTryCompileExec3694403464
/nfs/ims/proj/icl/rdrive/ics/itools/pkgtools/cmake/v_3_0_1/x86_rhxx/bin/cmake -E cmake_link_script CMakeFiles/cmTryCompileExec3694403464.dir/link.txt --verbose=1
/export/users/avtische/open-sources/_git/cilk/new-git-cilk-Jan-26/build/bin/clang++        CMakeFiles/cmTryCompileExec3694403464.dir/testCXXCompiler.cxx.o  -o cmTryCompileExec3694403464 -rdynamic 
gmake[1]: Leaving directory `/export/users/avtische/open-sources/_git/cilk/new-git-cilk-Jan-26/projects/compiler-rt/lib/cilk/build/CMakeFiles/CMakeTmp'


Detecting CXX compiler ABI info compiled with the following output:
Change Dir: /export/users/avtische/open-sources/_git/cilk/new-git-cilk-Jan-26/projects/compiler-rt/lib/cilk/build/CMakeFiles/CMakeTmp

Run Build Command:"/nfs/ims/proj/icl/rdrive/ics/itools/efi2_rhel60/bin/gmake" "cmTryCompileExec1521801784/fast"
/nfs/ims/proj/icl/rdrive/ics/itools/efi2_rhel60/bin/gmake -f CMakeFiles/cmTryCompileExec1521801784.dir/build.make CMakeFiles/cmTryCompileExec1521801784.dir/build
gmake[1]: Entering directory `/export/users/avtische/open-sources/_git/cilk/new-git-cilk-Jan-26/projects/compiler-rt/lib/cilk/build/CMakeFiles/CMakeTmp'
/nfs/ims/proj/icl/rdrive/ics/itools/pkgtools/cmake/v_3_0_1/x86_rhxx/bin/cmake -E cmake_progress_report /export/users/avtische/open-sources/_git/cilk/new-git-cilk-Jan-26/projects/compiler-rt/lib/cilk/build/CMakeFiles/CMakeTmp/CMakeFiles 1
Building CXX object CMakeFiles/cmTryCompileExec1521801784.dir/CMakeCXXCompilerABI.cpp.o
/export/users/avtische/open-sources/_git/cilk/new-git-cilk-Jan-26/build/bin/clang++     -o CMakeFiles/cmTryCompileExec1521801784.dir/CMakeCXXCompilerABI.cpp.o -c /nfs/ims/proj/icl/rdrive/ics/itools/pkgtools/cmake/v_3_0_1/x86_rhxx/share/cmake-3.0/Modules/CMakeCXXCompilerABI.cpp
Linking CXX executable cmTryCompileExec1521801784
/nfs/ims/proj/icl/rdrive/ics/itools/pkgtools/cmake/v_3_0_1/x86_rhxx/bin/cmake -E cmake_link_script CMakeFiles/cmTryCompileExec1521801784.dir/link.txt --verbose=1
/export/users/avtische/open-sources/_git/cilk/new-git-cilk-Jan-26/build/bin/clang++      -v CMakeFiles/cmTryCompileExec1521801784.dir/CMakeCXXCompilerABI.cpp.o  -o cmTryCompileExec1521801784 -rdynamic  
clang version 3.8.0 (https://github.com/cilkplus/clang d657804cae25ef1f7ccf246a7528c79c2f5b6049) (https://github.com/cilkplus/llvm 9d15e3b49b95c5a91e94ef64ccf40b27eb313100)
Target: x86_64-unknown-linux-gnu
Thread model: posix
InstalledDir: /export/users/avtische/open-sources/_git/cilk/new-git-cilk-Jan-26/build/bin
Found candidate GCC installation: /usr/lib/gcc/i686-redhat-linux/4.8.2
Found candidate GCC installation: /usr/lib/gcc/i686-redhat-linux/4.8.3
Found candidate GCC installation: /usr/lib/gcc/x86_64-redhat-linux/4.8.2
Found candidate GCC installation: /usr/lib/gcc/x86_64-redhat-linux/4.8.3
Selected GCC installation: /usr/lib/gcc/x86_64-redhat-linux/4.8.3
Candidate multilib: .;@m64
Candidate multilib: 32;@m32
Selected multilib: .;@m64
 "/usr/bin/ld" -export-dynamic --hash-style=gnu --no-add-needed --build-id --eh-frame-hdr -m elf_x86_64 -dynamic-linker /lib64/ld-linux-x86-64.so.2 -o cmTryCompileExec1521801784 /usr/lib/gcc/x86_64-redhat-linux/4.8.3/../../../../lib64/crt1.o /usr/lib/gcc/x86_64-redhat-linux/4.8.3/../../../../lib64/crti.o /usr/lib/gcc/x86_64-redhat-linux/4.8.3/crtbegin.o -L/usr/lib/gcc/x86_64-redhat-linux/4.8.3 -L/usr/lib/gcc/x86_64-redhat-linux/4.8.3/../../../../lib64 -L/lib/../lib64 -L/usr/lib/../lib64 -L/usr/lib/gcc/x86_64-redhat-linux/4.8.3/../../.. -L/export/users/avtische/open-sources/_git/cilk/new-git-cilk-Jan-26/build/bin/../lib -L/lib -L/usr/lib CMakeFiles/cmTryCompileExec1521801784.dir/CMakeCXXCompilerABI.cpp.o -lstdc++ -lm -lgcc_s -lgcc -lc -lgcc_s -lgcc /usr/lib/gcc/x86_64-redhat-linux/4.8.3/crtend.o /usr/lib/gcc/x86_64-redhat-linux/4.8.3/../../../../lib64/crtn.o
gmake[1]: Leaving directory `/export/users/avtische/open-sources/_git/cilk/new-git-cilk-Jan-26/projects/compiler-rt/lib/cilk/build/CMakeFiles/CMakeTmp'


Parsed CXX implicit link information from above output:
  link line regex: [^( *|.*[/\])(ld|([^/\]+-)?ld|collect2)[^/\]*( |$)]
  ignore line: [Change Dir: /export/users/avtische/open-sources/_git/cilk/new-git-cilk-Jan-26/projects/compiler-rt/lib/cilk/build/CMakeFiles/CMakeTmp]
  ignore line: []
  ignore line: [Run Build Command:"/nfs/ims/proj/icl/rdrive/ics/itools/efi2_rhel60/bin/gmake" "cmTryCompileExec1521801784/fast"]
  ignore line: [/nfs/ims/proj/icl/rdrive/ics/itools/efi2_rhel60/bin/gmake -f CMakeFiles/cmTryCompileExec1521801784.dir/build.make CMakeFiles/cmTryCompileExec1521801784.dir/build]
  ignore line: [gmake[1]: Entering directory `/export/users/avtische/open-sources/_git/cilk/new-git-cilk-Jan-26/projects/compiler-rt/lib/cilk/build/CMakeFiles/CMakeTmp']
  ignore line: [/nfs/ims/proj/icl/rdrive/ics/itools/pkgtools/cmake/v_3_0_1/x86_rhxx/bin/cmake -E cmake_progress_report /export/users/avtische/open-sources/_git/cilk/new-git-cilk-Jan-26/projects/compiler-rt/lib/cilk/build/CMakeFiles/CMakeTmp/CMakeFiles 1]
  ignore line: [Building CXX object CMakeFiles/cmTryCompileExec1521801784.dir/CMakeCXXCompilerABI.cpp.o]
  ignore line: [/export/users/avtische/open-sources/_git/cilk/new-git-cilk-Jan-26/build/bin/clang++     -o CMakeFiles/cmTryCompileExec1521801784.dir/CMakeCXXCompilerABI.cpp.o -c /nfs/ims/proj/icl/rdrive/ics/itools/pkgtools/cmake/v_3_0_1/x86_rhxx/share/cmake-3.0/Modules/CMakeCXXCompilerABI.cpp]
  ignore line: [Linking CXX executable cmTryCompileExec1521801784]
  ignore line: [/nfs/ims/proj/icl/rdrive/ics/itools/pkgtools/cmake/v_3_0_1/x86_rhxx/bin/cmake -E cmake_link_script CMakeFiles/cmTryCompileExec1521801784.dir/link.txt --verbose=1]
  ignore line: [/export/users/avtische/open-sources/_git/cilk/new-git-cilk-Jan-26/build/bin/clang++      -v CMakeFiles/cmTryCompileExec1521801784.dir/CMakeCXXCompilerABI.cpp.o  -o cmTryCompileExec1521801784 -rdynamic  ]
  ignore line: [clang version 3.8.0 (https://github.com/cilkplus/clang d657804cae25ef1f7ccf246a7528c79c2f5b6049) (https://github.com/cilkplus/llvm 9d15e3b49b95c5a91e94ef64ccf40b27eb313100)]
  ignore line: [Target: x86_64-unknown-linux-gnu]
  ignore line: [Thread model: posix]
  ignore line: [InstalledDir: /export/users/avtische/open-sources/_git/cilk/new-git-cilk-Jan-26/build/bin]
  ignore line: [Found candidate GCC installation: /usr/lib/gcc/i686-redhat-linux/4.8.2]
  ignore line: [Found candidate GCC installation: /usr/lib/gcc/i686-redhat-linux/4.8.3]
  ignore line: [Found candidate GCC installation: /usr/lib/gcc/x86_64-redhat-linux/4.8.2]
  ignore line: [Found candidate GCC installation: /usr/lib/gcc/x86_64-redhat-linux/4.8.3]
  ignore line: [Selected GCC installation: /usr/lib/gcc/x86_64-redhat-linux/4.8.3]
  ignore line: [Candidate multilib: .]
  ignore line: [@m64]
  ignore line: [Candidate multilib: 32]
  ignore line: [@m32]
  ignore line: [Selected multilib: .]
  ignore line: [@m64]
  link line: [ "/usr/bin/ld" -export-dynamic --hash-style=gnu --no-add-needed --build-id --eh-frame-hdr -m elf_x86_64 -dynamic-linker /lib64/ld-linux-x86-64.so.2 -o cmTryCompileExec1521801784 /usr/lib/gcc/x86_64-redhat-linux/4.8.3/../../../../lib64/crt1.o /usr/lib/gcc/x86_64-redhat-linux/4.8.3/../../../../lib64/crti.o /usr/lib/gcc/x86_64-redhat-linux/4.8.3/crtbegin.o -L/usr/lib/gcc/x86_64-redhat-linux/4.8.3 -L/usr/lib/gcc/x86_64-redhat-linux/4.8.3/../../../../lib64 -L/lib/../lib64 -L/usr/lib/../lib64 -L/usr/lib/gcc/x86_64-redhat-linux/4.8.3/../../.. -L/export/users/avtische/open-sources/_git/cilk/new-git-cilk-Jan-26/build/bin/../lib -L/lib -L/usr/lib CMakeFiles/cmTryCompileExec1521801784.dir/CMakeCXXCompilerABI.cpp.o -lstdc++ -lm -lgcc_s -lgcc -lc -lgcc_s -lgcc /usr/lib/gcc/x86_64-redhat-linux/4.8.3/crtend.o /usr/lib/gcc/x86_64-redhat-linux/4.8.3/../../../../lib64/crtn.o]
    arg [/usr/bin/ld] ==> ignore
    arg [-export-dynamic] ==> ignore
    arg [--hash-style=gnu] ==> ignore
    arg [--no-add-needed] ==> ignore
    arg [--build-id] ==> ignore
    arg [--eh-frame-hdr] ==> ignore
    arg [-m] ==> ignore
    arg [elf_x86_64] ==> ignore
    arg [-dynamic-linker] ==> ignore
    arg [/lib64/ld-linux-x86-64.so.2] ==> ignore
    arg [-o] ==> ignore
    arg [cmTryCompileExec1521801784] ==> ignore
    arg [/usr/lib/gcc/x86_64-redhat-linux/4.8.3/../../../../lib64/crt1.o] ==> ignore
    arg [/usr/lib/gcc/x86_64-redhat-linux/4.8.3/../../../../lib64/crti.o] ==> ignore
    arg [/usr/lib/gcc/x86_64-redhat-linux/4.8.3/crtbegin.o] ==> ignore
    arg [-L/usr/lib/gcc/x86_64-redhat-linux/4.8.3] ==> dir [/usr/lib/gcc/x86_64-redhat-linux/4.8.3]
    arg [-L/usr/lib/gcc/x86_64-redhat-linux/4.8.3/../../../../lib64] ==> dir [/usr/lib/gcc/x86_64-redhat-linux/4.8.3/../../../../lib64]
    arg [-L/lib/../lib64] ==> dir [/lib/../lib64]
    arg [-L/usr/lib/../lib64] ==> dir [/usr/lib/../lib64]
    arg [-L/usr/lib/gcc/x86_64-redhat-linux/4.8.3/../../..] ==> dir [/usr/lib/gcc/x86_64-redhat-linux/4.8.3/../../..]
    arg [-L/export/users/avtische/open-sources/_git/cilk/new-git-cilk-Jan-26/build/bin/../lib] ==> dir [/export/users/avtische/open-sources/_git/cilk/new-git-cilk-Jan-26/build/bin/../lib]
    arg [-L/lib] ==> dir [/lib]
    arg [-L/usr/lib] ==> dir [/usr/lib]
    arg [CMakeFiles/cmTryCompileExec1521801784.dir/CMakeCXXCompilerABI.cpp.o] ==> ignore
    arg [-lstdc++] ==> lib [stdc++]
    arg [-lm] ==> lib [m]
    arg [-lgcc_s] ==> lib [gcc_s]
    arg [-lgcc] ==> lib [gcc]
    arg [-lc] ==> lib [c]
    arg [-lgcc_s] ==> lib [gcc_s]
    arg [-lgcc] ==> lib [gcc]
    arg [/usr/lib/gcc/x86_64-redhat-linux/4.8.3/crtend.o] ==> ignore
    arg [/usr/lib/gcc/x86_64-redhat-linux/4.8.3/../../../../lib64/crtn.o] ==> ignore
  remove lib [gcc_s]
  remove lib [gcc]
  remove lib [gcc_s]
  remove lib [gcc]
  collapse library dir [/usr/lib/gcc/x86_64-redhat-linux/4.8.3] ==> [/usr/lib/gcc/x86_64-redhat-linux/4.8.3]
  collapse library dir [/usr/lib/gcc/x86_64-redhat-linux/4.8.3/../../../../lib64] ==> [/usr/lib64]
  collapse library dir [/lib/../lib64] ==> [/lib64]
  collapse library dir [/usr/lib/../lib64] ==> [/usr/lib64]
  collapse library dir [/usr/lib/gcc/x86_64-redhat-linux/4.8.3/../../..] ==> [/usr/lib]
  collapse library dir [/export/users/avtische/open-sources/_git/cilk/new-git-cilk-Jan-26/build/bin/../lib] ==> [/export/users/avtische/open-sources/_git/cilk/new-git-cilk-Jan-26/build/lib]
  collapse library dir [/lib] ==> [/lib]
  collapse library dir [/usr/lib] ==> [/usr/lib]
  implicit libs: [stdc++;m;c]
  implicit dirs: [/usr/lib/gcc/x86_64-redhat-linux/4.8.3;/usr/lib64;/lib64;/usr/lib;/export/users/avtische/open-sources/_git/cilk/new-git-cilk-Jan-26/build/lib;/lib]
  implicit fwks: []


